[debug] [2020-12-29T18:00:58.957Z] ----------------------------------------------------------------------
[debug] [2020-12-29T18:00:58.959Z] Command:       C:\Program Files\nodejs\node.exe C:\Users\kirus\AppData\Roaming\npm\node_modules\firebase-tools\lib\bin\firebase.js init
[debug] [2020-12-29T18:00:58.960Z] CLI Version:   9.1.0
[debug] [2020-12-29T18:00:58.960Z] Platform:      win32
[debug] [2020-12-29T18:00:58.960Z] Node Version:  v14.15.2
[debug] [2020-12-29T18:00:58.960Z] Time:          Tue Dec 29 2020 13:00:58 GMT-0500 (Eastern Standard Time)
[debug] [2020-12-29T18:00:58.961Z] ----------------------------------------------------------------------
[debug] [2020-12-29T18:00:58.961Z] 
[debug] [2020-12-29T18:00:58.966Z] > command requires scopes: ["email","openid","https://www.googleapis.com/auth/cloudplatformprojects.readonly","https://www.googleapis.com/auth/firebase","https://www.googleapis.com/auth/cloud-platform"]
[debug] [2020-12-29T18:00:58.966Z] > authorizing via signed-in user
[info] 
     ######## #### ########  ######## ########     ###     ######  ########
     ##        ##  ##     ## ##       ##     ##  ##   ##  ##       ##
     ######    ##  ########  ######   ########  #########  ######  ######
     ##        ##  ##    ##  ##       ##     ## ##     ##       ## ##
     ##       #### ##     ## ######## ########  ##     ##  ######  ########

You're about to initialize a Firebase project in this directory:

  C:\Users\kirus\documents\github\project-ezclap\src\react

[info] 
=== Project Setup
[info] 
[info] First, let's associate this project directory with a Firebase project.
[info] You can create multiple project aliases by running firebase use --add, 
[info] but for now we'll just set up a default project.
[info] 
